[2019-09-25 09:49:09] WARN  org.springframework.remoting.rmi.RmiClientInterceptor 304 handleRemoteConnectFailure - Could not connect to RMI service [rmi://127.0.0.1:1022/userRmi] - retrying org.springframework.remoting.RemoteConnectFailureException: Could not connect to remote service [rmi://127.0.0.1:1022/userRmi]; nested exception is java.rmi.ConnectException: Connection refused to host: 192.168.137.1; nested exception is: 
	java.net.ConnectException: Connection refused: connect
	at org.springframework.remoting.rmi.RmiClientInterceptorUtils.convertRmiAccessException(RmiClientInterceptorUtils.java:148) ~[spring-context-5.1.9.RELEASE.jar:5.1.9.RELEASE]
	at org.springframework.remoting.rmi.RmiClientInterceptor.doInvoke(RmiClientInterceptor.java:352) [spring-context-5.1.9.RELEASE.jar:5.1.9.RELEASE]
	at org.springframework.remoting.rmi.RmiClientInterceptor.invoke(RmiClientInterceptor.java:261) [spring-context-5.1.9.RELEASE.jar:5.1.9.RELEASE]
	at org.springframework.aop.framework.ReflectiveMethodInvocation.proceed(ReflectiveMethodInvocation.java:186) [spring-aop-5.1.9.RELEASE.jar:5.1.9.RELEASE]
	at org.springframework.aop.framework.JdkDynamicAopProxy.invoke(JdkDynamicAopProxy.java:212) [spring-aop-5.1.9.RELEASE.jar:5.1.9.RELEASE]
	at com.sun.proxy.$Proxy50.selectUserSelective(Unknown Source) [?:?]
	at com.jnshu.service.UserServiceImpl.selectUserSelective(UserServiceImpl.java:28) [classes/:?]
	at com.jnshu.controller.userController.selectUser(userController.java:52) [classes/:?]
	at sun.reflect.NativeMethodAccessorImpl.invoke0(Native Method) ~[?:1.8.0_144]
	at sun.reflect.NativeMethodAccessorImpl.invoke(NativeMethodAccessorImpl.java:62) ~[?:1.8.0_144]
	at sun.reflect.DelegatingMethodAccessorImpl.invoke(DelegatingMethodAccessorImpl.java:43) ~[?:1.8.0_144]
	at java.lang.reflect.Method.invoke(Method.java:498) ~[?:1.8.0_144]
	at org.springframework.web.method.support.InvocableHandlerMethod.doInvoke(InvocableHandlerMethod.java:190) [spring-web-5.1.9.RELEASE.jar:5.1.9.RELEASE]
	at org.springframework.web.method.support.InvocableHandlerMethod.invokeForRequest(InvocableHandlerMethod.java:138) [spring-web-5.1.9.RELEASE.jar:5.1.9.RELEASE]
	at org.springframework.web.servlet.mvc.method.annotation.ServletInvocableHandlerMethod.invokeAndHandle(ServletInvocableHandlerMethod.java:104) [spring-webmvc-5.1.9.RELEASE.jar:5.1.9.RELEASE]
	at org.springframework.web.servlet.mvc.method.annotation.RequestMappingHandlerAdapter.invokeHandlerMethod(RequestMappingHandlerAdapter.java:892) [spring-webmvc-5.1.9.RELEASE.jar:5.1.9.RELEASE]
	at org.springframework.web.servlet.mvc.method.annotation.RequestMappingHandlerAdapter.handleInternal(RequestMappingHandlerAdapter.java:797) [spring-webmvc-5.1.9.RELEASE.jar:5.1.9.RELEASE]
	at org.springframework.web.servlet.mvc.method.AbstractHandlerMethodAdapter.handle(AbstractHandlerMethodAdapter.java:87) [spring-webmvc-5.1.9.RELEASE.jar:5.1.9.RELEASE]
	at org.springframework.web.servlet.DispatcherServlet.doDispatch(DispatcherServlet.java:1039) [spring-webmvc-5.1.9.RELEASE.jar:5.1.9.RELEASE]
	at org.springframework.web.servlet.DispatcherServlet.doService(DispatcherServlet.java:942) [spring-webmvc-5.1.9.RELEASE.jar:5.1.9.RELEASE]
	at org.springframework.web.servlet.FrameworkServlet.processRequest(FrameworkServlet.java:1005) [spring-webmvc-5.1.9.RELEASE.jar:5.1.9.RELEASE]
	at org.springframework.web.servlet.FrameworkServlet.doGet(FrameworkServlet.java:897) [spring-webmvc-5.1.9.RELEASE.jar:5.1.9.RELEASE]
	at javax.servlet.http.HttpServlet.service(HttpServlet.java:687) [javax.servlet-api-3.1.0.jar:3.1.0]
	at org.springframework.web.servlet.FrameworkServlet.service(FrameworkServlet.java:882) [spring-webmvc-5.1.9.RELEASE.jar:5.1.9.RELEASE]
	at javax.servlet.http.HttpServlet.service(HttpServlet.java:790) [javax.servlet-api-3.1.0.jar:3.1.0]
	at org.eclipse.jetty.servlet.ServletHolder.handle(ServletHolder.java:873) [jetty-servlet-9.4.18.v20190429.jar:9.4.18.v20190429]
	at org.eclipse.jetty.servlet.ServletHandler$CachedChain.doFilter(ServletHandler.java:1623) [jetty-servlet-9.4.18.v20190429.jar:9.4.18.v20190429]
	at org.eclipse.jetty.websocket.server.WebSocketUpgradeFilter.doFilter(WebSocketUpgradeFilter.java:214) [websocket-server-9.4.18.v20190429.jar:9.4.18.v20190429]
	at org.eclipse.jetty.servlet.ServletHandler$CachedChain.doFilter(ServletHandler.java:1610) [jetty-servlet-9.4.18.v20190429.jar:9.4.18.v20190429]
	at org.springframework.web.filter.CharacterEncodingFilter.doFilterInternal(CharacterEncodingFilter.java:200) [spring-web-5.1.9.RELEASE.jar:5.1.9.RELEASE]
	at org.springframework.web.filter.OncePerRequestFilter.doFilter(OncePerRequestFilter.java:118) [spring-web-5.1.9.RELEASE.jar:5.1.9.RELEASE]
	at org.eclipse.jetty.servlet.ServletHandler$CachedChain.doFilter(ServletHandler.java:1610) [jetty-servlet-9.4.18.v20190429.jar:9.4.18.v20190429]
	at org.springframework.web.filter.HiddenHttpMethodFilter.doFilterInternal(HiddenHttpMethodFilter.java:93) [spring-web-5.1.9.RELEASE.jar:5.1.9.RELEASE]
	at org.springframework.web.filter.OncePerRequestFilter.doFilter(OncePerRequestFilter.java:118) [spring-web-5.1.9.RELEASE.jar:5.1.9.RELEASE]
	at org.eclipse.jetty.servlet.ServletHandler$CachedChain.doFilter(ServletHandler.java:1602) [jetty-servlet-9.4.18.v20190429.jar:9.4.18.v20190429]
	at org.eclipse.jetty.servlet.ServletHandler.doHandle(ServletHandler.java:540) [jetty-servlet-9.4.18.v20190429.jar:9.4.18.v20190429]
	at org.eclipse.jetty.server.handler.ScopedHandler.handle(ScopedHandler.java:146) [jetty-server-9.4.18.v20190429.jar:9.4.18.v20190429]
	at org.eclipse.jetty.security.SecurityHandler.handle(SecurityHandler.java:548) [jetty-security-9.4.18.v20190429.jar:9.4.18.v20190429]
	at org.eclipse.jetty.server.handler.HandlerWrapper.handle(HandlerWrapper.java:132) [jetty-server-9.4.18.v20190429.jar:9.4.18.v20190429]
	at org.eclipse.jetty.server.handler.ScopedHandler.nextHandle(ScopedHandler.java:257) [jetty-server-9.4.18.v20190429.jar:9.4.18.v20190429]
	at org.eclipse.jetty.server.session.SessionHandler.doHandle(SessionHandler.java:1700) [jetty-server-9.4.18.v20190429.jar:9.4.18.v20190429]
	at org.eclipse.jetty.server.handler.ScopedHandler.nextHandle(ScopedHandler.java:255) [jetty-server-9.4.18.v20190429.jar:9.4.18.v20190429]
	at org.eclipse.jetty.server.handler.ContextHandler.doHandle(ContextHandler.java:1345) [jetty-server-9.4.18.v20190429.jar:9.4.18.v20190429]
	at org.eclipse.jetty.server.handler.ScopedHandler.nextScope(ScopedHandler.java:203) [jetty-server-9.4.18.v20190429.jar:9.4.18.v20190429]
	at org.eclipse.jetty.servlet.ServletHandler.doScope(ServletHandler.java:480) [jetty-servlet-9.4.18.v20190429.jar:9.4.18.v20190429]
	at org.eclipse.jetty.server.session.SessionHandler.doScope(SessionHandler.java:1667) [jetty-server-9.4.18.v20190429.jar:9.4.18.v20190429]
	at org.eclipse.jetty.server.handler.ScopedHandler.nextScope(ScopedHandler.java:201) [jetty-server-9.4.18.v20190429.jar:9.4.18.v20190429]
	at org.eclipse.jetty.server.handler.ContextHandler.doScope(ContextHandler.java:1247) [jetty-server-9.4.18.v20190429.jar:9.4.18.v20190429]
	at org.eclipse.jetty.server.handler.ScopedHandler.handle(ScopedHandler.java:144) [jetty-server-9.4.18.v20190429.jar:9.4.18.v20190429]
	at org.eclipse.jetty.server.handler.ContextHandlerCollection.handle(ContextHandlerCollection.java:220) [jetty-server-9.4.18.v20190429.jar:9.4.18.v20190429]
	at org.eclipse.jetty.server.handler.HandlerCollection.handle(HandlerCollection.java:152) [jetty-server-9.4.18.v20190429.jar:9.4.18.v20190429]
	at org.eclipse.jetty.server.handler.HandlerWrapper.handle(HandlerWrapper.java:132) [jetty-server-9.4.18.v20190429.jar:9.4.18.v20190429]
	at org.eclipse.jetty.server.Server.handle(Server.java:505) [jetty-server-9.4.18.v20190429.jar:9.4.18.v20190429]
	at org.eclipse.jetty.server.HttpChannel.handle(HttpChannel.java:370) [jetty-server-9.4.18.v20190429.jar:9.4.18.v20190429]
	at org.eclipse.jetty.server.HttpConnection.onFillable(HttpConnection.java:267) [jetty-server-9.4.18.v20190429.jar:9.4.18.v20190429]
	at org.eclipse.jetty.io.AbstractConnection$ReadCallback.succeeded(AbstractConnection.java:305) [jetty-io-9.4.18.v20190429.jar:9.4.18.v20190429]
	at org.eclipse.jetty.io.FillInterest.fillable(FillInterest.java:103) [jetty-io-9.4.18.v20190429.jar:9.4.18.v20190429]
	at org.eclipse.jetty.io.ChannelEndPoint$2.run(ChannelEndPoint.java:117) [jetty-io-9.4.18.v20190429.jar:9.4.18.v20190429]
	at org.eclipse.jetty.util.thread.strategy.EatWhatYouKill.runTask(EatWhatYouKill.java:333) [jetty-util-9.4.18.v20190429.jar:9.4.18.v20190429]
	at org.eclipse.jetty.util.thread.strategy.EatWhatYouKill.doProduce(EatWhatYouKill.java:310) [jetty-util-9.4.18.v20190429.jar:9.4.18.v20190429]
	at org.eclipse.jetty.util.thread.strategy.EatWhatYouKill.tryProduce(EatWhatYouKill.java:168) [jetty-util-9.4.18.v20190429.jar:9.4.18.v20190429]
	at org.eclipse.jetty.util.thread.strategy.EatWhatYouKill.run(EatWhatYouKill.java:126) [jetty-util-9.4.18.v20190429.jar:9.4.18.v20190429]
	at org.eclipse.jetty.util.thread.ReservedThreadExecutor$ReservedThread.run(ReservedThreadExecutor.java:366) [jetty-util-9.4.18.v20190429.jar:9.4.18.v20190429]
	at org.eclipse.jetty.util.thread.QueuedThreadPool.runJob(QueuedThreadPool.java:698) [jetty-util-9.4.18.v20190429.jar:9.4.18.v20190429]
	at org.eclipse.jetty.util.thread.QueuedThreadPool$Runner.run(QueuedThreadPool.java:804) [jetty-util-9.4.18.v20190429.jar:9.4.18.v20190429]
	at java.lang.Thread.run(Thread.java:748) [?:1.8.0_144]
Caused by: java.rmi.ConnectException: Connection refused to host: 192.168.137.1; nested exception is: 
	java.net.ConnectException: Connection refused: connect
	at sun.rmi.transport.tcp.TCPEndpoint.newSocket(TCPEndpoint.java:619) ~[?:1.8.0_144]
	at sun.rmi.transport.tcp.TCPChannel.createConnection(TCPChannel.java:216) ~[?:1.8.0_144]
	at sun.rmi.transport.tcp.TCPChannel.newConnection(TCPChannel.java:202) ~[?:1.8.0_144]
	at sun.rmi.server.UnicastRef.invoke(UnicastRef.java:129) ~[?:1.8.0_144]
	at java.rmi.server.RemoteObjectInvocationHandler.invokeRemoteMethod(RemoteObjectInvocationHandler.java:227) ~[?:1.8.0_144]
	at java.rmi.server.RemoteObjectInvocationHandler.invoke(RemoteObjectInvocationHandler.java:179) ~[?:1.8.0_144]
	at com.sun.proxy.$Proxy73.invoke(Unknown Source) ~[?:?]
	at org.springframework.remoting.rmi.RmiClientInterceptor.doInvoke(RmiClientInterceptor.java:404) ~[spring-context-5.1.9.RELEASE.jar:5.1.9.RELEASE]
	at org.springframework.remoting.rmi.RmiClientInterceptor.doInvoke(RmiClientInterceptor.java:349) ~[spring-context-5.1.9.RELEASE.jar:5.1.9.RELEASE]
	... 64 more
Caused by: java.net.ConnectException: Connection refused: connect
	at java.net.DualStackPlainSocketImpl.connect0(Native Method) ~[?:1.8.0_144]
	at java.net.DualStackPlainSocketImpl.socketConnect(DualStackPlainSocketImpl.java:79) ~[?:1.8.0_144]
	at java.net.AbstractPlainSocketImpl.doConnect(AbstractPlainSocketImpl.java:350) ~[?:1.8.0_144]
	at java.net.AbstractPlainSocketImpl.connectToAddress(AbstractPlainSocketImpl.java:206) ~[?:1.8.0_144]
	at java.net.AbstractPlainSocketImpl.connect(AbstractPlainSocketImpl.java:188) ~[?:1.8.0_144]
	at java.net.PlainSocketImpl.connect(PlainSocketImpl.java:172) ~[?:1.8.0_144]
	at java.net.SocksSocketImpl.connect(SocksSocketImpl.java:392) ~[?:1.8.0_144]
	at java.net.Socket.connect(Socket.java:589) ~[?:1.8.0_144]
	at java.net.Socket.connect(Socket.java:538) ~[?:1.8.0_144]
	at java.net.Socket.<init>(Socket.java:434) ~[?:1.8.0_144]
	at java.net.Socket.<init>(Socket.java:211) ~[?:1.8.0_144]
	at sun.rmi.transport.proxy.RMIDirectSocketFactory.createSocket(RMIDirectSocketFactory.java:40) ~[?:1.8.0_144]
	at sun.rmi.transport.proxy.RMIMasterSocketFactory.createSocket(RMIMasterSocketFactory.java:148) ~[?:1.8.0_144]
	at sun.rmi.transport.tcp.TCPEndpoint.newSocket(TCPEndpoint.java:613) ~[?:1.8.0_144]
	at sun.rmi.transport.tcp.TCPChannel.createConnection(TCPChannel.java:216) ~[?:1.8.0_144]
	at sun.rmi.transport.tcp.TCPChannel.newConnection(TCPChannel.java:202) ~[?:1.8.0_144]
	at sun.rmi.server.UnicastRef.invoke(UnicastRef.java:129) ~[?:1.8.0_144]
	at java.rmi.server.RemoteObjectInvocationHandler.invokeRemoteMethod(RemoteObjectInvocationHandler.java:227) ~[?:1.8.0_144]
	at java.rmi.server.RemoteObjectInvocationHandler.invoke(RemoteObjectInvocationHandler.java:179) ~[?:1.8.0_144]
	at com.sun.proxy.$Proxy73.invoke(Unknown Source) ~[?:?]
	at org.springframework.remoting.rmi.RmiClientInterceptor.doInvoke(RmiClientInterceptor.java:404) ~[spring-context-5.1.9.RELEASE.jar:5.1.9.RELEASE]
	at org.springframework.remoting.rmi.RmiClientInterceptor.doInvoke(RmiClientInterceptor.java:349) ~[spring-context-5.1.9.RELEASE.jar:5.1.9.RELEASE]
	... 64 more

[2019-09-25 09:49:13] WARN  org.springframework.remoting.rmi.RmiClientInterceptor 304 handleRemoteConnectFailure - Could not connect to RMI service [rmi://127.0.0.1:1022/jobRmi] - retrying org.springframework.remoting.RemoteConnectFailureException: Could not connect to remote service [rmi://127.0.0.1:1022/jobRmi]; nested exception is java.rmi.ConnectException: Connection refused to host: 192.168.137.1; nested exception is: 
	java.net.ConnectException: Connection refused: connect
	at org.springframework.remoting.rmi.RmiClientInterceptorUtils.convertRmiAccessException(RmiClientInterceptorUtils.java:148) ~[spring-context-5.1.9.RELEASE.jar:5.1.9.RELEASE]
	at org.springframework.remoting.rmi.RmiClientInterceptor.doInvoke(RmiClientInterceptor.java:352) [spring-context-5.1.9.RELEASE.jar:5.1.9.RELEASE]
	at org.springframework.remoting.rmi.RmiClientInterceptor.invoke(RmiClientInterceptor.java:261) [spring-context-5.1.9.RELEASE.jar:5.1.9.RELEASE]
	at org.springframework.aop.framework.ReflectiveMethodInvocation.proceed(ReflectiveMethodInvocation.java:186) [spring-aop-5.1.9.RELEASE.jar:5.1.9.RELEASE]
	at org.springframework.aop.framework.JdkDynamicAopProxy.invoke(JdkDynamicAopProxy.java:212) [spring-aop-5.1.9.RELEASE.jar:5.1.9.RELEASE]
	at com.sun.proxy.$Proxy51.selectJobSelective(Unknown Source) [?:?]
	at com.jnshu.service.JobServiceImpl.selectJobSelective(JobServiceImpl.java:26) [classes/:?]
	at com.jnshu.controller.userController.selectUser(userController.java:64) [classes/:?]
	at sun.reflect.NativeMethodAccessorImpl.invoke0(Native Method) ~[?:1.8.0_144]
	at sun.reflect.NativeMethodAccessorImpl.invoke(NativeMethodAccessorImpl.java:62) ~[?:1.8.0_144]
	at sun.reflect.DelegatingMethodAccessorImpl.invoke(DelegatingMethodAccessorImpl.java:43) ~[?:1.8.0_144]
	at java.lang.reflect.Method.invoke(Method.java:498) ~[?:1.8.0_144]
	at org.springframework.web.method.support.InvocableHandlerMethod.doInvoke(InvocableHandlerMethod.java:190) [spring-web-5.1.9.RELEASE.jar:5.1.9.RELEASE]
	at org.springframework.web.method.support.InvocableHandlerMethod.invokeForRequest(InvocableHandlerMethod.java:138) [spring-web-5.1.9.RELEASE.jar:5.1.9.RELEASE]
	at org.springframework.web.servlet.mvc.method.annotation.ServletInvocableHandlerMethod.invokeAndHandle(ServletInvocableHandlerMethod.java:104) [spring-webmvc-5.1.9.RELEASE.jar:5.1.9.RELEASE]
	at org.springframework.web.servlet.mvc.method.annotation.RequestMappingHandlerAdapter.invokeHandlerMethod(RequestMappingHandlerAdapter.java:892) [spring-webmvc-5.1.9.RELEASE.jar:5.1.9.RELEASE]
	at org.springframework.web.servlet.mvc.method.annotation.RequestMappingHandlerAdapter.handleInternal(RequestMappingHandlerAdapter.java:797) [spring-webmvc-5.1.9.RELEASE.jar:5.1.9.RELEASE]
	at org.springframework.web.servlet.mvc.method.AbstractHandlerMethodAdapter.handle(AbstractHandlerMethodAdapter.java:87) [spring-webmvc-5.1.9.RELEASE.jar:5.1.9.RELEASE]
	at org.springframework.web.servlet.DispatcherServlet.doDispatch(DispatcherServlet.java:1039) [spring-webmvc-5.1.9.RELEASE.jar:5.1.9.RELEASE]
	at org.springframework.web.servlet.DispatcherServlet.doService(DispatcherServlet.java:942) [spring-webmvc-5.1.9.RELEASE.jar:5.1.9.RELEASE]
	at org.springframework.web.servlet.FrameworkServlet.processRequest(FrameworkServlet.java:1005) [spring-webmvc-5.1.9.RELEASE.jar:5.1.9.RELEASE]
	at org.springframework.web.servlet.FrameworkServlet.doGet(FrameworkServlet.java:897) [spring-webmvc-5.1.9.RELEASE.jar:5.1.9.RELEASE]
	at javax.servlet.http.HttpServlet.service(HttpServlet.java:687) [javax.servlet-api-3.1.0.jar:3.1.0]
	at org.springframework.web.servlet.FrameworkServlet.service(FrameworkServlet.java:882) [spring-webmvc-5.1.9.RELEASE.jar:5.1.9.RELEASE]
	at javax.servlet.http.HttpServlet.service(HttpServlet.java:790) [javax.servlet-api-3.1.0.jar:3.1.0]
	at org.eclipse.jetty.servlet.ServletHolder.handle(ServletHolder.java:873) [jetty-servlet-9.4.18.v20190429.jar:9.4.18.v20190429]
	at org.eclipse.jetty.servlet.ServletHandler$CachedChain.doFilter(ServletHandler.java:1623) [jetty-servlet-9.4.18.v20190429.jar:9.4.18.v20190429]
	at org.eclipse.jetty.websocket.server.WebSocketUpgradeFilter.doFilter(WebSocketUpgradeFilter.java:214) [websocket-server-9.4.18.v20190429.jar:9.4.18.v20190429]
	at org.eclipse.jetty.servlet.ServletHandler$CachedChain.doFilter(ServletHandler.java:1610) [jetty-servlet-9.4.18.v20190429.jar:9.4.18.v20190429]
	at org.springframework.web.filter.CharacterEncodingFilter.doFilterInternal(CharacterEncodingFilter.java:200) [spring-web-5.1.9.RELEASE.jar:5.1.9.RELEASE]
	at org.springframework.web.filter.OncePerRequestFilter.doFilter(OncePerRequestFilter.java:118) [spring-web-5.1.9.RELEASE.jar:5.1.9.RELEASE]
	at org.eclipse.jetty.servlet.ServletHandler$CachedChain.doFilter(ServletHandler.java:1610) [jetty-servlet-9.4.18.v20190429.jar:9.4.18.v20190429]
	at org.springframework.web.filter.HiddenHttpMethodFilter.doFilterInternal(HiddenHttpMethodFilter.java:93) [spring-web-5.1.9.RELEASE.jar:5.1.9.RELEASE]
	at org.springframework.web.filter.OncePerRequestFilter.doFilter(OncePerRequestFilter.java:118) [spring-web-5.1.9.RELEASE.jar:5.1.9.RELEASE]
	at org.eclipse.jetty.servlet.ServletHandler$CachedChain.doFilter(ServletHandler.java:1602) [jetty-servlet-9.4.18.v20190429.jar:9.4.18.v20190429]
	at org.eclipse.jetty.servlet.ServletHandler.doHandle(ServletHandler.java:540) [jetty-servlet-9.4.18.v20190429.jar:9.4.18.v20190429]
	at org.eclipse.jetty.server.handler.ScopedHandler.handle(ScopedHandler.java:146) [jetty-server-9.4.18.v20190429.jar:9.4.18.v20190429]
	at org.eclipse.jetty.security.SecurityHandler.handle(SecurityHandler.java:548) [jetty-security-9.4.18.v20190429.jar:9.4.18.v20190429]
	at org.eclipse.jetty.server.handler.HandlerWrapper.handle(HandlerWrapper.java:132) [jetty-server-9.4.18.v20190429.jar:9.4.18.v20190429]
	at org.eclipse.jetty.server.handler.ScopedHandler.nextHandle(ScopedHandler.java:257) [jetty-server-9.4.18.v20190429.jar:9.4.18.v20190429]
	at org.eclipse.jetty.server.session.SessionHandler.doHandle(SessionHandler.java:1700) [jetty-server-9.4.18.v20190429.jar:9.4.18.v20190429]
	at org.eclipse.jetty.server.handler.ScopedHandler.nextHandle(ScopedHandler.java:255) [jetty-server-9.4.18.v20190429.jar:9.4.18.v20190429]
	at org.eclipse.jetty.server.handler.ContextHandler.doHandle(ContextHandler.java:1345) [jetty-server-9.4.18.v20190429.jar:9.4.18.v20190429]
	at org.eclipse.jetty.server.handler.ScopedHandler.nextScope(ScopedHandler.java:203) [jetty-server-9.4.18.v20190429.jar:9.4.18.v20190429]
	at org.eclipse.jetty.servlet.ServletHandler.doScope(ServletHandler.java:480) [jetty-servlet-9.4.18.v20190429.jar:9.4.18.v20190429]
	at org.eclipse.jetty.server.session.SessionHandler.doScope(SessionHandler.java:1667) [jetty-server-9.4.18.v20190429.jar:9.4.18.v20190429]
	at org.eclipse.jetty.server.handler.ScopedHandler.nextScope(ScopedHandler.java:201) [jetty-server-9.4.18.v20190429.jar:9.4.18.v20190429]
	at org.eclipse.jetty.server.handler.ContextHandler.doScope(ContextHandler.java:1247) [jetty-server-9.4.18.v20190429.jar:9.4.18.v20190429]
	at org.eclipse.jetty.server.handler.ScopedHandler.handle(ScopedHandler.java:144) [jetty-server-9.4.18.v20190429.jar:9.4.18.v20190429]
	at org.eclipse.jetty.server.handler.ContextHandlerCollection.handle(ContextHandlerCollection.java:220) [jetty-server-9.4.18.v20190429.jar:9.4.18.v20190429]
	at org.eclipse.jetty.server.handler.HandlerCollection.handle(HandlerCollection.java:152) [jetty-server-9.4.18.v20190429.jar:9.4.18.v20190429]
	at org.eclipse.jetty.server.handler.HandlerWrapper.handle(HandlerWrapper.java:132) [jetty-server-9.4.18.v20190429.jar:9.4.18.v20190429]
	at org.eclipse.jetty.server.Server.handle(Server.java:505) [jetty-server-9.4.18.v20190429.jar:9.4.18.v20190429]
	at org.eclipse.jetty.server.HttpChannel.handle(HttpChannel.java:370) [jetty-server-9.4.18.v20190429.jar:9.4.18.v20190429]
	at org.eclipse.jetty.server.HttpConnection.onFillable(HttpConnection.java:267) [jetty-server-9.4.18.v20190429.jar:9.4.18.v20190429]
	at org.eclipse.jetty.io.AbstractConnection$ReadCallback.succeeded(AbstractConnection.java:305) [jetty-io-9.4.18.v20190429.jar:9.4.18.v20190429]
	at org.eclipse.jetty.io.FillInterest.fillable(FillInterest.java:103) [jetty-io-9.4.18.v20190429.jar:9.4.18.v20190429]
	at org.eclipse.jetty.io.ChannelEndPoint$2.run(ChannelEndPoint.java:117) [jetty-io-9.4.18.v20190429.jar:9.4.18.v20190429]
	at org.eclipse.jetty.util.thread.strategy.EatWhatYouKill.runTask(EatWhatYouKill.java:333) [jetty-util-9.4.18.v20190429.jar:9.4.18.v20190429]
	at org.eclipse.jetty.util.thread.strategy.EatWhatYouKill.doProduce(EatWhatYouKill.java:310) [jetty-util-9.4.18.v20190429.jar:9.4.18.v20190429]
	at org.eclipse.jetty.util.thread.strategy.EatWhatYouKill.tryProduce(EatWhatYouKill.java:168) [jetty-util-9.4.18.v20190429.jar:9.4.18.v20190429]
	at org.eclipse.jetty.util.thread.strategy.EatWhatYouKill.run(EatWhatYouKill.java:126) [jetty-util-9.4.18.v20190429.jar:9.4.18.v20190429]
	at org.eclipse.jetty.util.thread.ReservedThreadExecutor$ReservedThread.run(ReservedThreadExecutor.java:366) [jetty-util-9.4.18.v20190429.jar:9.4.18.v20190429]
	at org.eclipse.jetty.util.thread.QueuedThreadPool.runJob(QueuedThreadPool.java:698) [jetty-util-9.4.18.v20190429.jar:9.4.18.v20190429]
	at org.eclipse.jetty.util.thread.QueuedThreadPool$Runner.run(QueuedThreadPool.java:804) [jetty-util-9.4.18.v20190429.jar:9.4.18.v20190429]
	at java.lang.Thread.run(Thread.java:748) [?:1.8.0_144]
Caused by: java.rmi.ConnectException: Connection refused to host: 192.168.137.1; nested exception is: 
	java.net.ConnectException: Connection refused: connect
	at sun.rmi.transport.tcp.TCPEndpoint.newSocket(TCPEndpoint.java:619) ~[?:1.8.0_144]
	at sun.rmi.transport.tcp.TCPChannel.createConnection(TCPChannel.java:216) ~[?:1.8.0_144]
	at sun.rmi.transport.tcp.TCPChannel.newConnection(TCPChannel.java:202) ~[?:1.8.0_144]
	at sun.rmi.server.UnicastRef.invoke(UnicastRef.java:129) ~[?:1.8.0_144]
	at java.rmi.server.RemoteObjectInvocationHandler.invokeRemoteMethod(RemoteObjectInvocationHandler.java:227) ~[?:1.8.0_144]
	at java.rmi.server.RemoteObjectInvocationHandler.invoke(RemoteObjectInvocationHandler.java:179) ~[?:1.8.0_144]
	at com.sun.proxy.$Proxy73.invoke(Unknown Source) ~[?:?]
	at org.springframework.remoting.rmi.RmiClientInterceptor.doInvoke(RmiClientInterceptor.java:404) ~[spring-context-5.1.9.RELEASE.jar:5.1.9.RELEASE]
	at org.springframework.remoting.rmi.RmiClientInterceptor.doInvoke(RmiClientInterceptor.java:349) ~[spring-context-5.1.9.RELEASE.jar:5.1.9.RELEASE]
	... 64 more
Caused by: java.net.ConnectException: Connection refused: connect
	at java.net.DualStackPlainSocketImpl.connect0(Native Method) ~[?:1.8.0_144]
	at java.net.DualStackPlainSocketImpl.socketConnect(DualStackPlainSocketImpl.java:79) ~[?:1.8.0_144]
	at java.net.AbstractPlainSocketImpl.doConnect(AbstractPlainSocketImpl.java:350) ~[?:1.8.0_144]
	at java.net.AbstractPlainSocketImpl.connectToAddress(AbstractPlainSocketImpl.java:206) ~[?:1.8.0_144]
	at java.net.AbstractPlainSocketImpl.connect(AbstractPlainSocketImpl.java:188) ~[?:1.8.0_144]
	at java.net.PlainSocketImpl.connect(PlainSocketImpl.java:172) ~[?:1.8.0_144]
	at java.net.SocksSocketImpl.connect(SocksSocketImpl.java:392) ~[?:1.8.0_144]
	at java.net.Socket.connect(Socket.java:589) ~[?:1.8.0_144]
	at java.net.Socket.connect(Socket.java:538) ~[?:1.8.0_144]
	at java.net.Socket.<init>(Socket.java:434) ~[?:1.8.0_144]
	at java.net.Socket.<init>(Socket.java:211) ~[?:1.8.0_144]
	at sun.rmi.transport.proxy.RMIDirectSocketFactory.createSocket(RMIDirectSocketFactory.java:40) ~[?:1.8.0_144]
	at sun.rmi.transport.proxy.RMIMasterSocketFactory.createSocket(RMIMasterSocketFactory.java:148) ~[?:1.8.0_144]
	at sun.rmi.transport.tcp.TCPEndpoint.newSocket(TCPEndpoint.java:613) ~[?:1.8.0_144]
	at sun.rmi.transport.tcp.TCPChannel.createConnection(TCPChannel.java:216) ~[?:1.8.0_144]
	at sun.rmi.transport.tcp.TCPChannel.newConnection(TCPChannel.java:202) ~[?:1.8.0_144]
	at sun.rmi.server.UnicastRef.invoke(UnicastRef.java:129) ~[?:1.8.0_144]
	at java.rmi.server.RemoteObjectInvocationHandler.invokeRemoteMethod(RemoteObjectInvocationHandler.java:227) ~[?:1.8.0_144]
	at java.rmi.server.RemoteObjectInvocationHandler.invoke(RemoteObjectInvocationHandler.java:179) ~[?:1.8.0_144]
	at com.sun.proxy.$Proxy73.invoke(Unknown Source) ~[?:?]
	at org.springframework.remoting.rmi.RmiClientInterceptor.doInvoke(RmiClientInterceptor.java:404) ~[spring-context-5.1.9.RELEASE.jar:5.1.9.RELEASE]
	at org.springframework.remoting.rmi.RmiClientInterceptor.doInvoke(RmiClientInterceptor.java:349) ~[spring-context-5.1.9.RELEASE.jar:5.1.9.RELEASE]
	... 64 more

